[    0.000000] Initializing cgroup subsys cpuset
[    0.000000] Initializing cgroup subsys cpu
[    0.000000] Initializing cgroup subsys cpuacct
[    0.000000] Linux version 4.4.0-184-generic (buildd@lgw01-amd64-060) (gcc version 5.4.0 20160609 (Ubuntu 5.4.0-6ubuntu1~16.04.12) ) #214-Ubuntu SMP Thu Jun 4 10:14:11 UTC 2020 (Ubuntu 4.4.0-184.214-generic 4.4.223)
[    0.000000] Command line: BOOT_IMAGE=/boot/vmlinuz-4.4.0-184-generic root=LABEL=cloudimg-rootfs ro console=tty1 console=ttyS0
[    0.000000] KERNEL supported cpus:
[    0.000000]   Intel GenuineIntel
[    0.000000]   AMD AuthenticAMD
[    0.000000]   Centaur CentaurHauls
[    0.000000] x86/fpu: xstate_offset[2]:  576, xstate_sizes[2]:  256
[    0.000000] x86/fpu: Supporting XSAVE feature 0x01: 'x87 floating point registers'
[    0.000000] x86/fpu: Supporting XSAVE feature 0x02: 'SSE registers'
[    0.000000] x86/fpu: Supporting XSAVE feature 0x04: 'AVX registers'
[    0.000000] x86/fpu: Enabled xstate features 0x7, context size is 832 bytes, using 'standard' format.
[    0.000000] e820: BIOS-provided physical RAM map:
[    0.000000] BIOS-e820: [mem 0x0000000000000000-0x000000000009fbff] usable
[    0.000000] BIOS-e820: [mem 0x000000000009fc00-0x000000000009ffff] reserved
[    0.000000] BIOS-e820: [mem 0x00000000000f0000-0x00000000000fffff] reserved
[    0.000000] BIOS-e820: [mem 0x0000000000100000-0x000000003ffeffff] usable
[    0.000000] BIOS-e820: [mem 0x000000003fff0000-0x000000003fffffff] ACPI data
[    0.000000] BIOS-e820: [mem 0x00000000fec00000-0x00000000fec00fff] reserved
[    0.000000] BIOS-e820: [mem 0x00000000fee00000-0x00000000fee00fff] reserved
[    0.000000] BIOS-e820: [mem 0x00000000fffc0000-0x00000000ffffffff] reserved
[    0.000000] NX (Execute Disable) protection: active
[    0.000000] SMBIOS 2.5 present.
[    0.000000] Hypervisor detected: KVM
[    0.000000] e820: last_pfn = 0x3fff0 max_arch_pfn = 0x400000000
[    0.000000] MTRR: Disabled
[    0.000000] x86/PAT: MTRRs disabled, skipping PAT initialization too.
[    0.000000] CPU MTRRs all blank - virtualized system.
[    0.000000] x86/PAT: Configuration [0-7]: WB  WT  UC- UC  WB  WT  UC- UC  
[    0.000000] found SMP MP-table at [mem 0x0009fff0-0x0009ffff] mapped at [ffff88000009fff0]
[    0.000000] Scanning 1 areas for low memory corruption
[    0.000000] RAMDISK: [mem 0x362de000-0x37166fff]
[    0.000000] ACPI: Early table checksum verification disabled
[    0.000000] ACPI: RSDP 0x00000000000E0000 000024 (v02 VBOX  )
[    0.000000] ACPI: XSDT 0x000000003FFF0030 00003C (v01 VBOX   VBOXXSDT 00000001 ASL  00000061)
[    0.000000] ACPI: FACP 0x000000003FFF00F0 0000F4 (v04 VBOX   VBOXFACP 00000001 ASL  00000061)
[    0.000000] ACPI: DSDT 0x000000003FFF0470 002325 (v02 VBOX   VBOXBIOS 00000002 INTL 20100528)
[    0.000000] ACPI: FACS 0x000000003FFF0200 000040
[    0.000000] ACPI: FACS 0x000000003FFF0200 000040
[    0.000000] ACPI: APIC 0x000000003FFF0240 00005C (v02 VBOX   VBOXAPIC 00000001 ASL  00000061)
[    0.000000] ACPI: SSDT 0x000000003FFF02A0 0001CC (v01 VBOX   VBOXCPUT 00000002 INTL 20100528)
[    0.000000] No NUMA configuration found
[    0.000000] Faking a node at [mem 0x0000000000000000-0x000000003ffeffff]
[    0.000000] NODE_DATA(0) allocated [mem 0x3ffeb000-0x3ffeffff]
[    0.000000] kvm-clock: Using msrs 4b564d01 and 4b564d00
[    0.000000] kvm-clock: cpu 0, msr 0:3ffe3001, primary cpu clock
[    0.000000] kvm-clock: using sched offset of 3423716448 cycles
[    0.000000] clocksource: kvm-clock: mask: 0xffffffffffffffff max_cycles: 0x1cd42e4dffb, max_idle_ns: 881590591483 ns
[    0.000000] Zone ranges:
[    0.000000]   DMA      [mem 0x0000000000001000-0x0000000000ffffff]
[    0.000000]   DMA32    [mem 0x0000000001000000-0x000000003ffeffff]
[    0.000000]   Normal   empty
[    0.000000]   Device   empty
[    0.000000] Movable zone start for each node
[    0.000000] Early memory node ranges
[    0.000000]   node   0: [mem 0x0000000000001000-0x000000000009efff]
[    0.000000]   node   0: [mem 0x0000000000100000-0x000000003ffeffff]
[    0.000000] Initmem setup node 0 [mem 0x0000000000001000-0x000000003ffeffff]
[    0.000000] ACPI: PM-Timer IO Port: 0x4008
[    0.000000] IOAPIC[0]: apic_id 2, version 32, address 0xfec00000, GSI 0-23
[    0.000000] ACPI: INT_SRC_OVR (bus 0 bus_irq 0 global_irq 2 dfl dfl)
[    0.000000] ACPI: INT_SRC_OVR (bus 0 bus_irq 9 global_irq 9 low level)
[    0.000000] Using ACPI (MADT) for SMP configuration information
[    0.000000] smpboot: Allowing 2 CPUs, 0 hotplug CPUs
[    0.000000] PM: Registered nosave memory: [mem 0x00000000-0x00000fff]
[    0.000000] PM: Registered nosave memory: [mem 0x0009f000-0x0009ffff]
[    0.000000] PM: Registered nosave memory: [mem 0x000a0000-0x000effff]
[    0.000000] PM: Registered nosave memory: [mem 0x000f0000-0x000fffff]
[    0.000000] e820: [mem 0x40000000-0xfebfffff] available for PCI devices
[    0.000000] Booting paravirtualized kernel on KVM
[    0.000000] clocksource: refined-jiffies: mask: 0xffffffff max_cycles: 0xffffffff, max_idle_ns: 7645519600211568 ns
[    0.000000] setup_percpu: NR_CPUS:512 nr_cpumask_bits:512 nr_cpu_ids:2 nr_node_ids:1
[    0.000000] PERCPU: Embedded 33 pages/cpu @ffff88003fc00000 s95448 r8192 d31528 u1048576
[    0.000000] Built 1 zonelists in Node order, mobility grouping on.  Total pages: 257912
[    0.000000] Policy zone: DMA32
[    0.000000] Kernel command line: BOOT_IMAGE=/boot/vmlinuz-4.4.0-184-generic root=LABEL=cloudimg-rootfs ro console=tty1 console=ttyS0
[    0.000000] PID hash table entries: 4096 (order: 3, 32768 bytes)
[    0.000000] Memory: 997664K/1048120K available (8632K kernel code, 1336K rwdata, 4036K rodata, 1492K init, 1292K bss, 50456K reserved, 0K cma-reserved)
[    0.000000] SLUB: HWalign=64, Order=0-3, MinObjects=0, CPUs=2, Nodes=1
[    0.000000] Kernel/User page tables isolation: enabled
[    0.000000] Hierarchical RCU implementation.
[    0.000000] 	Build-time adjustment of leaf fanout to 64.
[    0.000000] 	RCU restricting CPUs from NR_CPUS=512 to nr_cpu_ids=2.
[    0.000000] RCU: Adjusting geometry for rcu_fanout_leaf=64, nr_cpu_ids=2
[    0.000000] NR_IRQS:33024 nr_irqs:440 16
[    0.000000] Console: colour VGA+ 80x25
[    0.000000] console [tty1] enabled
[    0.000000] console [ttyS0] enabled
[    0.000000] tsc: Detected 2400.004 MHz processor
[    0.159920] Calibrating delay loop (skipped) preset value.. 4800.00 BogoMIPS (lpj=9600016)
[    0.161804] pid_max: default: 32768 minimum: 301
[    0.163025] ACPI: Core revision 20150930
[    0.165679] ACPI: 2 ACPI AML tables successfully acquired and loaded
[    0.167555] Security Framework initialized
[    0.168503] Yama: becoming mindful.
[    0.169538] AppArmor: AppArmor initialized
[    0.170595] Dentry cache hash table entries: 131072 (order: 8, 1048576 bytes)
[    0.174460] Inode-cache hash table entries: 65536 (order: 7, 524288 bytes)
[    0.175934] Mount-cache hash table entries: 2048 (order: 2, 16384 bytes)
[    0.177424] Mountpoint-cache hash table entries: 2048 (order: 2, 16384 bytes)
[    0.178951] Initializing cgroup subsys io
[    0.179980] Initializing cgroup subsys memory
[    0.180936] Initializing cgroup subsys devices
[    0.181918] Initializing cgroup subsys freezer
[    0.183072] Initializing cgroup subsys net_cls
[    0.184282] Initializing cgroup subsys perf_event
[    0.185346] Initializing cgroup subsys net_prio
[    0.186403] Initializing cgroup subsys hugetlb
[    0.187637] Initializing cgroup subsys pids
[    0.189514] mce: CPU supports 0 MCE banks
[    0.190622] Last level iTLB entries: 4KB 64, 2MB 8, 4MB 8
[    0.191905] Last level dTLB entries: 4KB 64, 2MB 0, 4MB 0, 1GB 4
[    0.193182] Spectre V1 : Mitigation: usercopy/swapgs barriers and __user pointer sanitization
[    0.195004] Spectre V2 : Mitigation: Full generic retpoline
[    0.196148] Spectre V2 : Spectre v2 / SpectreRSB mitigation: Filling RSB on context switch
[    0.198617] Speculative Store Bypass: Vulnerable
[    0.199636] SRBDS: Unknown: Dependent on hypervisor status
[    0.200841] MDS: Mitigation: Clear CPU buffers
[    0.204548] Freeing SMP alternatives memory: 36K
[    0.211486] ftrace: allocating 32319 entries in 127 pages
[    0.271436] smpboot: APIC(0) Converting physical 0 to logical package 0
[    0.272724] smpboot: Max logical packages: 1
[    0.274148] x2apic enabled
[    0.275146] Switched APIC routing to physical x2apic.
[    0.277437] ..TIMER: vector=0x30 apic1=0 pin1=2 apic2=-1 pin2=-1
[    0.386799] smpboot: CPU0: Intel(R) Core(TM) i5-9300H CPU @ 2.40GHz (family: 0x6, model: 0x9e, stepping: 0xa)
[    0.388896] Performance Events: unsupported p6 CPU model 158 no PMU driver, software events only.
[    0.400791] KVM setup paravirtual spinlock
[    0.402524] x86: Booting SMP configuration:
[    0.403415] .... node  #0, CPUs:      #1
[    0.404281] kvm-clock: cpu 1, msr 0:3ffe3041, secondary cpu clock
[    0.406042] mce: CPU supports 0 MCE banks
[    0.408565] x86: Booted up 1 node, 2 CPUs
[    0.409679] smpboot: Total of 2 processors activated (9600.01 BogoMIPS)
[    0.411304] devtmpfs: initialized
[    0.413565] evm: security.selinux
[    0.414372] evm: security.SMACK64
[    0.415228] evm: security.SMACK64EXEC
[    0.416173] evm: security.SMACK64TRANSMUTE
[    0.417324] evm: security.SMACK64MMAP
[    0.418205] evm: security.ima
[    0.418997] evm: security.capability
[    0.420240] clocksource: jiffies: mask: 0xffffffff max_cycles: 0xffffffff, max_idle_ns: 7645041785100000 ns
[    0.422226] futex hash table entries: 512 (order: 3, 32768 bytes)
[    0.423587] pinctrl core: initialized pinctrl subsystem
[    0.424715] RTC time: 16:05:27, date: 06/26/20
[    0.425889] NET: Registered protocol family 16
[    0.436485] cpuidle: using governor ladder
[    0.448780] cpuidle: using governor menu
[    0.449665] PCCT header not found.
[    0.450481] ACPI: bus type PCI registered
[    0.451563] acpiphp: ACPI Hot Plug PCI Controller Driver version: 0.5
[    0.452866] PCI: Using configuration type 1 for base access
[    0.465471] ACPI: Added _OSI(Module Device)
[    0.466357] ACPI: Added _OSI(Processor Device)
[    0.467329] ACPI: Added _OSI(3.0 _SCP Extensions)
[    0.468413] ACPI: Added _OSI(Processor Aggregator Device)
[    0.470108] ACPI: Executed 1 blocks of module-level executable AML code
[    0.473391] ACPI: Interpreter enabled
[    0.474316] ACPI: (supports S0 S5)
[    0.475146] ACPI: Using IOAPIC for interrupt routing
[    0.476355] PCI: Using host bridge windows from ACPI; if necessary, use "pci=nocrs" and report a bug
[    0.482079] ACPI: PCI Root Bridge [PCI0] (domain 0000 [bus 00-ff])
[    0.483425] acpi PNP0A03:00: _OSC: OS supports [ASPM ClockPM Segments MSI]
[    0.485154] acpi PNP0A03:00: _OSC: not requesting OS control; OS requires [ExtendedConfig ASPM ClockPM MSI]
[    0.487155] acpi PNP0A03:00: fail to add MMCONFIG information, can't access extended PCI configuration space under this bridge.
[    0.490158] PCI host bridge to bus 0000:00
[    0.491054] pci_bus 0000:00: root bus resource [io  0x0000-0x0cf7 window]
[    0.492299] pci_bus 0000:00: root bus resource [io  0x0d00-0xffff window]
[    0.493598] pci_bus 0000:00: root bus resource [mem 0x000a0000-0x000bffff window]
[    0.495134] pci_bus 0000:00: root bus resource [mem 0x40000000-0xfdffffff window]
[    0.496853] pci_bus 0000:00: root bus resource [bus 00-ff]
[    0.499744] pci 0000:00:01.1: legacy IDE quirk: reg 0x10: [io  0x01f0-0x01f7]
[    0.501065] pci 0000:00:01.1: legacy IDE quirk: reg 0x14: [io  0x03f6]
[    0.502354] pci 0000:00:01.1: legacy IDE quirk: reg 0x18: [io  0x0170-0x0177]
[    0.515161] pci 0000:00:01.1: legacy IDE quirk: reg 0x1c: [io  0x0376]
[    0.528530] pci 0000:00:07.0: quirk: [io  0x4000-0x403f] claimed by PIIX4 ACPI
[    0.530247] pci 0000:00:07.0: quirk: [io  0x4100-0x410f] claimed by PIIX4 SMB
[    0.541493] ACPI: PCI Interrupt Link [LNKA] (IRQs 5 9 10 *11)
[    0.543571] ACPI: PCI Interrupt Link [LNKB] (IRQs 5 9 *10 11)
[    0.545528] ACPI: PCI Interrupt Link [LNKC] (IRQs 5 *9 10 11)
[    0.547688] ACPI: PCI Interrupt Link [LNKD] (IRQs 5 9 10 *11)
[    0.549683] ACPI: Enabled 2 GPEs in block 00 to 07
[    0.551586] vgaarb: setting as boot device: PCI:0000:00:02.0
[    0.553356] vgaarb: device added: PCI:0000:00:02.0,decodes=io+mem,owns=io+mem,locks=none
[    0.555992] vgaarb: loaded
[    0.556924] vgaarb: bridge control possible 0000:00:02.0
[    0.559494] SCSI subsystem initialized
[    0.561336] ACPI: bus type USB registered
[    0.562803] usbcore: registered new interface driver usbfs
[    0.564251] usbcore: registered new interface driver hub
[    0.565645] usbcore: registered new device driver usb
[    0.567467] PCI: Using ACPI for IRQ routing
[    0.571076] NetLabel: Initializing
[    0.572545] NetLabel:  domain hash size = 128
[    0.574365] NetLabel:  protocols = UNLABELED CIPSOv4
[    0.576048] NetLabel:  unlabeled traffic allowed by default
[    0.577632] amd_nb: Cannot enumerate AMD northbridges
[    0.579121] clocksource: Switched to clocksource kvm-clock
[    0.593916] AppArmor: AppArmor Filesystem Enabled
[    0.595381] pnp: PnP ACPI init
[    0.597116] pnp: PnP ACPI: found 3 devices
[    0.610518] clocksource: acpi_pm: mask: 0xffffff max_cycles: 0xffffff, max_idle_ns: 2085701024 ns
[    0.613196] NET: Registered protocol family 2
[    0.615056] TCP established hash table entries: 8192 (order: 4, 65536 bytes)
[    0.617136] TCP bind hash table entries: 8192 (order: 5, 131072 bytes)
[    0.618928] TCP: Hash tables configured (established 8192 bind 8192)
[    0.621746] UDP hash table entries: 512 (order: 2, 16384 bytes)
[    0.623339] UDP-Lite hash table entries: 512 (order: 2, 16384 bytes)
[    0.624905] NET: Registered protocol family 1
[    0.625824] pci 0000:00:00.0: Limiting direct PCI/PCI transfers
[    0.628063] pci 0000:00:01.0: Activating ISA DMA hang workarounds
[    0.630045] Unpacking initramfs...
[    0.853821] Freeing initrd memory: 14884K
[    0.855021] clocksource: tsc: mask: 0xffffffffffffffff max_cycles: 0x22983b44418, max_idle_ns: 440795259572 ns
[    0.857236] platform rtc_cmos: registered platform RTC device (no PNP device found)
[    0.858867] Scanning for low memory corruption every 60 seconds
[    0.860314] audit: initializing netlink subsys (disabled)
[    0.861458] audit: type=2000 audit(1593187533.222:1): initialized
[    0.862987] Initialise system trusted keyring
[    0.864456] HugeTLB registered 2 MB page size, pre-allocated 0 pages
[    0.866926] zbud: loaded
[    0.867974] VFS: Disk quotas dquot_6.6.0
[    0.868871] VFS: Dquot-cache hash table entries: 512 (order 0, 4096 bytes)
[    0.870578] squashfs: version 4.0 (2009/01/31) Phillip Lougher
[    0.872357] fuse init (API version 7.23)
[    0.873465] Key type big_key registered
[    0.874441] Allocating IMA MOK and blacklist keyrings.
[    0.876597] Key type asymmetric registered
[    0.877559] Asymmetric key parser 'x509' registered
[    0.878823] Block layer SCSI generic (bsg) driver version 0.4 loaded (major 249)
[    0.880889] io scheduler noop registered
[    0.881866] io scheduler deadline registered (default)
[    0.883061] io scheduler cfq registered
[    0.884372] pci_hotplug: PCI Hot Plug PCI Core version: 0.5
[    0.886004] pciehp: PCI Express Hot Plug Controller Driver version: 0.4
[    0.887651] ACPI: AC Adapter [AC] (on-line)
[    0.888649] input: Power Button as /devices/LNXSYSTM:00/LNXPWRBN:00/input/input0
[    0.890387] ACPI: Power Button [PWRF]
[    0.891560] input: Sleep Button as /devices/LNXSYSTM:00/LNXSLPBN:00/input/input1
[    0.893384] ACPI: Sleep Button [SLPF]
[    0.894970] ACPI: Battery Slot [BAT0] (battery present)
[    0.896087] GHES: HEST is not enabled!
[    0.897036] Serial: 8250/16550 driver, 32 ports, IRQ sharing enabled
[    0.918999] 00:02: ttyS0 at I/O 0x3f8 (irq = 4, base_baud = 115200) is a 16550A
[    0.923356] Linux agpgart interface v0.103
[    0.926064] loop: module loaded
[    0.927545] scsi host0: ata_piix
[    0.928514] scsi host1: ata_piix
[    0.929309] ata1: PATA max UDMA/33 cmd 0x1f0 ctl 0x3f6 bmdma 0xd000 irq 14
[    0.930802] ata2: PATA max UDMA/33 cmd 0x170 ctl 0x376 bmdma 0xd008 irq 15
[    0.932339] libphy: Fixed MDIO Bus: probed
[    0.933314] tun: Universal TUN/TAP device driver, 1.6
[    0.934527] tun: (C) 1999-2004 Max Krasnyansky <maxk@qualcomm.com>
[    0.935954] PPP generic driver version 2.4.2
[    0.936972] ehci_hcd: USB 2.0 'Enhanced' Host Controller (EHCI) Driver
[    0.938235] ehci-pci: EHCI PCI platform driver
[    0.939251] ehci-platform: EHCI generic platform driver
[    0.940496] ohci_hcd: USB 1.1 'Open' Host Controller (OHCI) Driver
[    0.941826] ohci-pci: OHCI PCI platform driver
[    0.942794] ohci-platform: OHCI generic platform driver
[    0.943956] uhci_hcd: USB Universal Host Controller Interface driver
[    0.945266] i8042: PNP: PS/2 Controller [PNP0303:PS2K,PNP0f03:PS2M] at 0x60,0x64 irq 1,12
[    0.947720] serio: i8042 KBD port at 0x60,0x64 irq 1
[    0.949188] serio: i8042 AUX port at 0x60,0x64 irq 12
[    0.950578] mousedev: PS/2 mouse device common for all mice
[    0.952191] input: AT Translated Set 2 keyboard as /devices/platform/i8042/serio0/input/input2
[    0.954599] rtc_cmos rtc_cmos: rtc core: registered rtc_cmos as rtc0
[    0.955846] rtc_cmos rtc_cmos: alarms up to one day, 114 bytes nvram
[    0.957006] i2c /dev entries driver
[    0.957812] device-mapper: uevent: version 1.0.3
[    0.958872] device-mapper: ioctl: 4.34.0-ioctl (2015-10-28) initialised: dm-devel@redhat.com
[    0.961163] ledtrig-cpu: registered to indicate activity on CPUs
[    0.963012] NET: Registered protocol family 10
[    0.964152] NET: Registered protocol family 17
[    0.965291] Key type dns_resolver registered
[    0.966832] registered taskstats version 1
[    0.967812] Loading compiled-in X.509 certificates
[    0.969388] Loaded X.509 cert 'Build time autogenerated kernel key: b6ae09eed57f82583ccd3c65c463e852cdd7a0b5'
[    0.971562] zswap: loaded using pool lzo/zbud
[    0.974294] Key type trusted registered
[    0.978649] Key type encrypted registered
[    0.979522] AppArmor: AppArmor sha1 policy hashing enabled
[    0.980611] ima: No TPM chip found, activating TPM-bypass!
[    0.982189] ima: Allocated hash algorithm: sha1
[    0.983812] evm: HMAC attrs: 0x1
[    0.984837]   Magic number: 8:165:86
[    0.985918] rtc_cmos rtc_cmos: setting system clock to 2020-06-26 16:05:28 UTC (1593187528)
[    0.988036] BIOS EDD facility v0.16 2004-Jun-25, 0 devices found
[    0.989268] EDD information not available.
[    1.111625] Freeing unused kernel memory: 1492K
[    1.112668] Write protecting the kernel read-only data: 14336k
[    1.114331] Freeing unused kernel memory: 1596K
[    1.115717] Freeing unused kernel memory: 60K
Loading, please wait...
starting version 229
[    1.128740] random: systemd-udevd: uninitialized urandom read (16 bytes read, 3 bits of entropy available)
[    1.129364] random: udevadm: uninitialized urandom read (16 bytes read, 3 bits of entropy available)
[    1.129379] random: udevadm: uninitialized urandom read (16 bytes read, 3 bits of entropy available)
[    1.135652] random: systemd-udevd: uninitialized urandom read (16 bytes read, 3 bits of entropy available)
[    1.138119] random: systemd-udevd: uninitialized urandom read (16 bytes read, 3 bits of entropy available)
[    1.138205] random: udevadm: uninitialized urandom read (16 bytes read, 3 bits of entropy available)
[    1.138240] random: udevadm: uninitialized urandom read (16 bytes read, 3 bits of entropy available)
[    1.138360] random: udevadm: uninitialized urandom read (16 bytes read, 3 bits of entropy available)
[    1.138403] random: udevadm: uninitialized urandom read (16 bytes read, 3 bits of entropy available)
[    1.138446] random: udevadm: uninitialized urandom read (16 bytes read, 3 bits of entropy available)
[    1.191017] Fusion MPT base driver 3.04.20
[    1.192033] Copyright (c) 1999-2008 LSI Corporation
[    1.199292] e1000: Intel(R) PRO/1000 Network Driver - version 7.3.21-k8-NAPI
[    1.200856] e1000: Copyright (c) 1999-2006 Intel Corporation.
[    1.210634] Fusion MPT SPI Host driver 3.04.20
[    1.215513] AVX2 version of gcm_enc/dec engaged.
[    1.216537] AES CTR mode by8 optimization enabled
[    1.402257] input: ImExPS/2 Generic Explorer Mouse as /devices/platform/i8042/serio1/input/input4
[    1.576100] e1000 0000:00:03.0 eth0: (PCI:33MHz:32-bit) 02:89:fa:04:16:8f
[    1.577456] e1000 0000:00:03.0 eth0: Intel(R) PRO/1000 Network Connection
[    2.602884] e1000 0000:00:08.0 eth1: (PCI:33MHz:32-bit) 08:00:27:a0:44:22
[    2.604295] e1000 0000:00:08.0 eth1: Intel(R) PRO/1000 Network Connection
[    2.606361] e1000 0000:00:03.0 enp0s3: renamed from eth0
[    2.607781] mptbase: ioc0: Initiating bringup
[    2.619720] e1000 0000:00:08.0 enp0s8: renamed from eth1
[    2.675337] ioc0: LSI53C1030 A0: Capabilities={Initiator}
[    2.838208] scsi host2: ioc0: LSI53C1030 A0, FwRev=00000000h, Ports=1, MaxQ=256, IRQ=20
[    2.952238] scsi 2:0:0:0: Direct-Access     VBOX     HARDDISK         1.0  PQ: 0 ANSI: 5
[    2.954177] scsi target2:0:0: Beginning Domain Validation
[    2.957641] scsi target2:0:0: Domain Validation skipping write tests
[    2.958884] scsi target2:0:0: Ending Domain Validation
[    2.960165] scsi target2:0:0: asynchronous
[    2.961796] scsi 2:0:1:0: Direct-Access     VBOX     HARDDISK         1.0  PQ: 0 ANSI: 5
[    2.975625] scsi target2:0:1: Beginning Domain Validation
[    2.978913] scsi target2:0:1: Domain Validation skipping write tests
[    2.980216] scsi target2:0:1: Ending Domain Validation
[    2.981609] scsi target2:0:1: asynchronous
[    2.988397] sd 2:0:0:0: Attached scsi generic sg0 type 0
[    2.989580] sd 2:0:0:0: [sda] 20971520 512-byte logical blocks: (10.7 GB/10.0 GiB)
[    2.991582] sd 2:0:1:0: Attached scsi generic sg1 type 0
[    2.992624] sd 2:0:1:0: [sdb] 20480 512-byte logical blocks: (10.5 MB/10.0 MiB)
[    2.994437] sd 2:0:0:0: [sda] Write Protect is off
[    2.995561] sd 2:0:1:0: [sdb] Write Protect is off
[    2.996621] sd 2:0:0:0: [sda] Incomplete mode parameter data
[    2.997705] sd 2:0:0:0: [sda] Assuming drive cache: write through
[    2.998840] sd 2:0:1:0: [sdb] Incomplete mode parameter data
[    3.000176] sd 2:0:1:0: [sdb] Assuming drive cache: write through
[    3.003418]  sda: sda1
[    3.005048] sd 2:0:1:0: [sdb] Attached SCSI disk
[    3.005997] sd 2:0:0:0: [sda] Attached SCSI disk
Begin: Loading essential drivers ... [    4.411002] md: linear personality registered for level -1
[    4.414321] md: multipath personality registered for level -4
[    4.417340] md: raid0 personality registered for level 0
[    4.421863] md: raid1 personality registered for level 1
[    4.491363] raid6: sse2x1   gen() 11359 MB/s
[    4.559234] raid6: sse2x1   xor()  9989 MB/s
[    4.628552] raid6: sse2x2   gen() 16474 MB/s
[    4.695324] raid6: sse2x2   xor()  9425 MB/s
[    4.764067] raid6: sse2x4   gen() 17651 MB/s
[    4.831137] raid6: sse2x4   xor() 11837 MB/s
[    4.899129] raid6: avx2x1   gen() 25474 MB/s
[    4.967793] raid6: avx2x2   gen() 30380 MB/s
[    5.035599] raid6: avx2x4   gen() 32927 MB/s
[    5.036850] raid6: using algorithm avx2x4 gen() 32927 MB/s
[    5.038133] raid6: using avx2x2 recovery algorithm
[    5.040087] xor: automatically using best checksumming function:
[    5.079954]    avx       : 34795.000 MB/sec
[    5.081973] async_tx: api initialized (async)
[    5.093600] md: raid6 personality registered for level 6
[    5.094758] md: raid5 personality registered for level 5
[    5.095908] md: raid4 personality registered for level 4
[    5.103446] md: raid10 personality registered for level 10
done.
Begin: Running /scripts/init-premount ... done.
Begin: Mounting root file system ... Begin: Running /scripts/local-top ... done.
Begin: Running /scripts/local-premount ... [    5.132785] Btrfs loaded
Scanning for Btrfs filesystems
done.
Warning: fsck not present, so skipping root file system
[    5.167686] EXT4-fs (sda1): mounted filesystem with ordered data mode. Opts: (null)
done.
Begin: Running /scripts/local-bottom ... done.
Begin: Running /scripts/init-bottom ... done.
[    5.253018] systemd[1]: systemd 229 running in system mode. (+PAM +AUDIT +SELINUX +IMA +APPARMOR +SMACK +SYSVINIT +UTMP +LIBCRYPTSETUP +GCRYPT +GNUTLS +ACL +XZ -LZ4 +SECCOMP +BLKID +ELFUTILS +KMOD -IDN)
[    5.256375] systemd[1]: Detected virtualization oracle.
[    5.257446] systemd[1]: Detected architecture x86-64.

Welcome to [1mUbuntu 16.04.6 LTS[0m!

[    5.261662] systemd[1]: Set hostname to <ubuntu>.
[    5.265117] systemd[1]: Initializing machine ID from random generator.
[    5.266650] systemd[1]: Installed transient /etc/machine-id file.
[    5.380031] systemd[1]: Reached target Swap.
[[0;32m  OK  [0m] Reached target Swap.
[    5.381694] systemd[1]: Listening on Device-mapper event daemon FIFOs.
[[0;32m  OK  [0m] Listening on Device-mapper event daemon FIFOs.
[    5.383927] systemd[1]: Started Trigger resolvconf update for networkd DNS.
[[0;32m  OK  [0m] Started Trigger resolvconf update for networkd DNS.
[    5.386188] systemd[1]: Listening on Journal Socket (/dev/log).
[[0;32m  OK  [0m] Listening on Journal Socket (/dev/log).
[    5.395596] systemd[1]: Listening on udev Kernel Socket.
[[0;32m  OK  [0m] Listening on udev Kernel Socket.
[    5.397778] systemd[1]: Listening on Journal Audit Socket.
[[0;32m  OK  [0m] Listening on Journal Audit Socket.
[    5.399869] systemd[1]: Listening on LVM2 poll daemon socket.
[[0;32m  OK  [0m] Listening on LVM2 poll daemon socket.
[    5.567408] systemd[1]: Listening on LVM2 metadata daemon socket.
[[0;32m  OK  [0m] Listening on LVM2 metadata daemon socket.
[    5.589212] systemd[1]: Listening on Syslog Socket.
[[0;32m  OK  [0m] Listening on Syslog Socket.
[    5.795331] systemd[1]: Started Forward Password Requests to Wall Directory Watch.
[[0;32m  OK  [0m] Started Forward Password Requests to Wall Directory Watch.
[    5.836966] systemd[1]: Reached target User and Group Name Lookups.
[[0;32m  OK  [0m] Reached target User and Group Name Lookups.
[    5.839092] systemd[1]: Reached target Encrypted Volumes.
[[0;32m  OK  [0m] Reached target Encrypted Volumes.
[    5.841456] systemd[1]: Created slice User and Session Slice.
[[0;32m  OK  [0m] Created slice User and Session Slice.
[    5.843317] systemd[1]: Listening on udev Control Socket.
[[0;32m  OK  [0m] Listening on udev Control Socket.
[    5.855872] systemd[1]: Reached target System Time Synchronized.
[[0;32m  OK  [0m] Reached target System Time Synchronized.
[    5.857856] systemd[1]: Listening on /dev/initctl Compatibility Named Pipe.
[[0;32m  OK  [0m] Listening on /dev/initctl Compatibility Named Pipe.
[    5.860215] systemd[1]: Created slice System Slice.
[[0;32m  OK  [0m] Created slice System Slice.
[    6.284885] systemd[1]: Created slice system-serial\x2dgetty.slice.
[[0;32m  OK  [0m] Created slice system-serial\x2dgetty.slice.
[    6.287247] systemd[1]: Reached target Slices.
[[0;32m  OK  [0m] Reached target Slices.
[    6.288957] systemd[1]: Listening on Journal Socket.
[[0;32m  OK  [0m] Listening on Journal Socket.
[    6.579611] systemd[1]: Starting Monitoring of LVM2 mirrors, snapshots etc. using dmeventd or progress polling...
         Starting Monitoring of LVM2 mirrors... dmeventd or progress polling...
[    6.583008] systemd[1]: Starting Uncomplicated firewall...
         Starting Uncomplicated firewall...
[    6.585438] systemd[1]: Mounting Huge Pages File System...
         Mounting Huge Pages File System...
[    6.587925] systemd[1]: Mounting Debug File System...
         Mounting Debug File System...
[    6.595984] systemd[1]: Starting Nameserver information manager...
         Starting Nameserver information manager...
[    6.604003] systemd[1]: Starting Journal Service...
         Starting Journal Service...
[    6.609321] systemd[1]: Mounting POSIX Message Queue File System...
         Mounting POSIX Message Queue File System...
[    6.620048] systemd[1]: Starting Remount Root and Kernel File Systems...
         Starting Remount Root and Kernel File Systems...
[    6.623795] EXT4-fs (sda1): re-mounted. Opts: (null)
[    6.623906] systemd[1]: Starting Load Kernel Modules...
         Starting Load Kernel Modules...
[    6.627180] systemd[1]: Starting Create list of required static device nodes for the current kernel...
         Starting Create list of required st... nodes for the current kernel...
[    6.631078] systemd[1]: Starting Set console keymap...
         Starting Set console keymap...
[    6.635887] systemd[1]: Set up automount Arbitrary Executable File Formats File System Automount Point.
[    6.638228] Loading iSCSI transport class v2.0-870.
[[0;32m  OK  [0m] Set up automount Arbitrary Executab...ats File System Automount Point.
[    6.642153] systemd[1]: Mounted Huge Pages File System.
[[0;32m  OK  [0m] Mounted Huge Pages File System.
[    6.644312] systemd[1]: Mounted POSIX Message Queue File System.
[[0;32m  OK  [0m] Mounted POSIX Message Queue File System.
[    6.646095] systemd[1]: Mounted Debug File System.
[[0;32m  OK  [0m] Mounted Debug File System.
[    6.652461] iscsi: registered transport (tcp)
[    6.655672] systemd[1]: Started Journal Service.
[[0;32m  OK  [0m] Started Journal Service.
[[0;32m  OK  [0m] Started Uncomplicated firewall.
[[0;32m  OK  [0m] Started Remount Root and Kernel File Systems.
[[0;32m  OK  [0m] Started Create list of required sta...ce nodes for the current kernel.
[[0;32m  OK  [0m] Started Nameserver information manager.
[[0;32m  OK  [0m] Started LVM2 metadata daemon.
         Starting Create Static Device Nodes in /dev...
         Starting udev Coldplug all Devices...
         Starting Load/Save Random Seed...
         Starting Flush Journal to Persistent Storage...
[[0;32m  OK  [0m] Started Load/Save Random Seed.
[    6.690696] systemd-journald[380]: Received request to flush runtime journal from PID 1
[[0;32m  OK  [0m] Started Flush Journal to Persistent Storage.
[[0;32m  OK  [0m] Started Create Static Device Nodes in /dev.
         Starting udev Kernel Device Manager...
[[0;32m  OK  [0m] Started udev Coldplug all Devices.
[    6.737702] iscsi: registered transport (iser)
[[0;32m  OK  [0m] Started Load Kernel Modules.
         Mounting FUSE Control File System...
         Starting Apply Kernel Variables...
[[0;32m  OK  [0m] Mounted FUSE Control File System.
[[0;32m  OK  [0m] Started udev Kernel Device Manager.
[[0;32m  OK  [0m] Started Set console keymap.
[[0;32m  OK  [0m] Started Apply Kernel Variables.
[[0;32m  OK  [0m] Started Dispatch Password Requests to Console Directory Watch.
[[0;32m  OK  [0m] Found device /dev/ttyS0.
[[0;32m  OK  [0m] Listening on Load/Save RF Kill Switch Status /dev/rfkill Watch.
[[0;32m  OK  [0m] Started Monitoring of LVM2 mirrors,...ng dmeventd or progress polling.
[[0;32m  OK  [0m] Reached target Local File Systems (Pre).
[[0;32m  OK  [0m] Reached target Local File Systems.
         Starting Initial cloud-init job (pre-networking)...
         Starting Tell Plymouth To Write Out Runtime Data...
         Starting Commit a transient machine-id on disk...
         Starting Create Volatile Files and Directories...
         Starting LSB: AppArmor initialization...
         Starting Set console font and keymap...
[[0;32m  OK  [0m] Started Tell Plymouth To Write Out Runtime Data.
[[0;32m  OK  [0m] Started Create Volatile Files and Directories.
         Starting Update UTMP about System Boot/Shutdown...
[[0;32m  OK  [0m] Started Update UTMP about System Boot/Shutdown.
[[0;32m  OK  [0m] Started Commit a transient machine-id on disk.
[[0;32m  OK  [0m] Started Set console font and keymap.
[[0;32m  OK  [0m] Created slice system-getty.slice.
[    8.462824] cloud-init[609]: Cloud-init v. 19.4-33-gbb4131a2-0ubuntu1~16.04.1 running 'init-local' at Fri, 26 Jun 2020 16:05:35 +0000. Up 7.96 seconds.
[[0;32m  OK  [0m] Started Initial cloud-init job (pre-networking).
[[0;32m  OK  [0m] Reached target Network (Pre).
[[0;32m  OK  [0m] Started LSB: AppArmor initialization.
         Starting Raise network interfaces...
[[0;32m  OK  [0m] Started Raise network interfaces.
         Starting Initial cloud-init job (metadata service crawler)...
[[0;32m  OK  [0m] Reached target Network.
[    9.931320] cloud-init[950]: Cloud-init v. 19.4-33-gbb4131a2-0ubuntu1~16.04.1 running 'init' at Fri, 26 Jun 2020 16:05:37 +0000. Up 9.37 seconds.
[    9.932947] cloud-init[950]: ci-info: ++++++++++++++++++++++++++++++++++++++Net device info+++++++++++++++++++++++++++++++++++++++
[    9.934546] cloud-init[950]: ci-info: +--------+-------+----------------------------+---------------+--------+-------------------+
[    9.935550] cloud-init[950]: ci-info: | Device |   Up  |          Address           |      Mask     | Scope  |     Hw-Address    |
[    9.936765] cloud-init[950]: ci-info: +--------+-------+----------------------------+---------------+--------+-------------------+
[    9.938364] cloud-init[950]: ci-info: | enp0s3 |  True |         10.0.2.15          | 255.255.255.0 | global | 02:89:fa:04:16:8f |
[    9.940016] cloud-init[950]: ci-info: | enp0s3 |  True | fe80::89:faff:fe04:168f/64 |       .       |  link  | 02:89:fa:04:16:8f |
[    9.944637] cloud-init[950]: ci-info: | enp0s8 | False |             .              |       .       |   .    | 08:00:27:a0:44:22 |
[    9.948696] cloud-init[950]: ci-info: |   lo   |  True |         127.0.0.1          |   255.0.0.0   |  host  |         .         |
[    9.949897] cloud-init[950]: ci-info: |   lo   |  True |          ::1/128           |       .       |  host  |         .         |
[    9.956519] cloud-init[950]: ci-info: +--------+-------+----------------------------+---------------+--------+-------------------+
[    9.964320] cloud-init[950]: ci-info: +++++++++++++++++++++++++++Route IPv4 info++++++++++++++++++++++++++++
[    9.973592] cloud-init[950]: ci-info: +-------+-------------+----------+---------------+-----------+-------+
[    9.980939] cloud-init[950]: ci-info: | Route | Destination | Gateway  |    Genmask    | Interface | Flags |
[    9.981774] cloud-init[950]: ci-info: +-------+-------------+----------+---------------+-----------+-------+
[    9.982904] cloud-init[950]: ci-info: |   0   |   0.0.0.0   | 10.0.2.2 |    0.0.0.0    |   enp0s3  |   UG  |
[    9.989028] cloud-init[950]: ci-info: |   1   |   10.0.2.0  | 0.0.0.0  | 255.255.255.0 |   enp0s3  |   U   |
[    9.997121] [[0;32m  OK  [0m] Started Initial cloud-init job (metadata service crawler).
[[0;32m  OK  [0m] Reached target System Initialization.
         Starting Socket activation for snappy daemon.
[[0;32m  OK  [0m] Listening on UUID daemon activation socket.
[[0;32m  OK  [0m] Started Daily apt download activities.
[[0;32m  OK  [0m] Listening on D-Bus System Message Bus Socket.
[[0;32m  OK  [0m] Started Message of the Day.
cloud-init[950]: ci-info: +-------+-------------+----------+---------------+-----------+-------+
[   10.008927] cloud-init[950]: ci-info: +++++++++++++++++++Route IPv6 info+++++++++++++++++++
[   10.009974]          Starting LXD - unix socket.
cloud-init[950]: ci-info: +-------+-------------+---------+-----------+-------+
[   10.011474] [cloud-init[0;32m  OK  [0m] Started Daily apt upgrade and clean activities.
[950]: ci-info: | Route | Destination | Gateway | Interface | Flags |
[   10.012596] [[0;32m  OK  [0m] Listening on ACPID Listen Socket.
[[0;32m  OK  [0m] Started Daily Cleanup of Temporary Directories.
[[0;32m  OK  [0m] Reached target Timers.
cloud-init[950]: ci-info: +-------+-------------+---------+-----------+-------+
[[0;32m  OK  [0m] Started ACPI Events Check.
[[0;32m  OK  [0m] Reached target Paths.
[[0;32m  OK  [0m] Reached target Network is Online.
[   10.015351] cloud-init[950]: ci-info: |   0   |  fe80::/64  |    ::   |   enp0s3  |   U   |
         Starting iSCSI initiator daemon (iscsid)...
[[   10.029928] [0;32m  OK  [0mcloud-init] [950]: Reached target Cloud-config availability.ci-info: |   3   |   ff00::/8  |    ::   |   enp0s3  |   U   |

[   10.034542] cloud-init[950]: ci-info: +-------+-------------+---------+-----------+-------+
[   10.034743] [cloud-init[0;32m  OK  [0m[950]: ] Generating public/private rsa key pair.Listening on Socket activation for snappy daemon.

[   10.034789] cloud-init[950]: Your identification has been saved in /etc/ssh/ssh_host_rsa_key.
[[0;32m  OK  [0m] Listening on LXD - unix socket.
[   10.044503] cloud-init[950]: Your public key has been saved in /etc/ssh/ssh_host_rsa_key.pub.
[   10.053001] cloud-init[950]: The key fingerprint is:
[   10.053139] cloud-init[950]: SHA256:TGQC4D1aJ3hfgUgCrppZTWdpsUjXk5Ibegd7wHMI3pI root@ubuntu-xenial
[[0;32m  OK  [0m] Reached target Sockets.
[   10.053189] cloud-init[950]: The key's randomart image is:
[   10.054674] cloud-init[950]: +---[RSA 2048]----+
[   10.054865] cloud-init[950]: |..oo==+=+.       |
[[0;32m  OK  [0m] Reached target Basic System.
[   10.055026] cloud-init[950]: |.. *.=@B=.       |
[   10.055071] cloud-init[950]: | .o E.OXo.       |
[   10.057311] cloud-init[950]: |.  *.X++o        |
[   10.064709] cloud-init[950]: |. o ...oS        |
[   10.065484] cloud-init[950]: |.+               |
[[0;32m  OK  [0m] Started ACPI event daemon.
[   10.076378] cloud-init[950]: |+                |
[   10.348269] cloud-init[950]: |                 |
[   10.356538] cloud-init[950]: |                 |
[   10.364562] cloud-init[950]: +----[SHA256]-----+
[   10.372456] cloud-init[950]: Generating public/private dsa key pair.
[   10.380712] cloud-init[950]: Your identification has been saved in /etc/ssh/ssh_host_dsa_key.
[   10.381749] cloud-init[950]: Your public key has been saved in /etc/ssh/ssh_host_dsa_key.pub.
         Starting /etc/rc.local Compatibility...
[   10.383909] cloud-init[950]: The key fingerprint is:
[   10.385958] cloud-init[950]: SHA256:3EKPQwc8i/N/KdrQMKyHBJcFtyY2HMcaqVKHheAL/pM root@ubuntu-xenial
[   10.387229] cloud-init[950]: The key's randomart image is:
[   10.388159] cloud-init[950]: +---[DSA 1024]----+
[   10.389028] cloud-init[950]: |  .. ++==        |
[   10.389887] cloud-init[950]: | .  +.+*+o       |
[[0;32m  OK  [0m] Started Regular background program processing daemon.
[   10.402946] cloud-init[950]: |. ...oB+=o.      |
[   10.404331] cloud-init[950]: |.....++O.=       |
[   10.405242]          Starting System Logging Service...
cloud-init[950]: | ...  .oS o      |
[   10.407365] cloud-init[950]: |  . .. o.*       |
[   10.407510] cloud-init[950]: |   E  o o..  .   |
         Starting Accounts Service...
[   10.407655] cloud-init[950]: |    .  . oo o    |
[   10.409591] cloud-init[950]: |        ...o     |
[   10.409826] cloud-init[950]: +----[SHA256]-----+
[   10.410116] cloud-init[950]: Generating public/private ecdsa key pair.
[   10.410365] cloud-init[950]: Your identification has been saved in /etc/ssh/ssh_host_ecdsa_key.
         Starting Virtualbox guest utils...
[   10.410528] cloud-init[950]: Your public key has been saved in /etc/ssh/ssh_host_ecdsa_key.pub.
[   10.414608] cloud-init[950]: The key fingerprint is:
[   10.415319] cloud-init[950]: SHA256:2jO+bjtQgcCOOO0NJC9MB3SYfKFIWBuv6aaWzprW4tM root@ubuntu-xenial
[   10.419384] cloud-init         Starting Pollinate to seed the pseudo random number generator...
         Starting Login Service...
[950]: The key's randomart image is:         Starting LSB: MD monitoring daemon...
[[0;32m  OK  [0m] Started FUSE filesystem for LXC.
[   10.427324] cloud-init[950]: 
+---[ECDSA 256]---+         Starting Snappy daemon...
         Starting LXD - container startup/shutdown...
[[0;32m  OK  [0m] Started D-Bus System Message Bus.

[   10.438790] cloud-init[950]: |+=*+o. .         |
[   10.440693] cloud-init[950]: |==+*. . .        |
[   10.443372] cloud-init[950]: |+B+o.    .       |
[   10.445056] cloud-init[950]: |+.=o.   .        |
[   10.449639] cloud-init[950]: | +oo   .S        |
[   10.451499] cloud-init[950]: | .. . .o         |
[   10.461719] cloud-init[950]: |  *   ..+        |
[   10.479725] cloud-init[950]: |.X E   .oo       |
[   10.486516] cloud-init[950]: |X+o    o=+       |
         Starting LSB: Record successful boot for GRUB...
[[0;32m  OK  [0m] Started Deferred execution scheduler.
[[0;32m  OK  [0m] Started System Logging Service.
[[0;32m  OK  [0m] Started iSCSI initiator daemon (iscsid).
[[0;32m  OK  [0m] Started /etc/rc.local Compatibility.
[   10.498945] cloud-init[950]: +----[SHA256]-----+
[   10.517546] cloud-init[950]: Generating public/private ed25519 key pair.
[   10.521405] cloud-init[950]: Your identification has been saved in /etc/ssh/ssh_host_ed25519_key.
[   10.524695] cloud-init[950]: Your public key has been saved in /etc/ssh/ssh_host_ed25519_key.pub.
[   10.528148] cloud-init[950]: The key fingerprint is:
[   10.529395] cloud-init[950]: SHA256:QgIS85qzpGVJ5xcpPTIC8n0NEZ4ojjwzbd9x304jN7Q root@ubuntu-xenial
[   10.531909] cloud-init[950]: The key's randomart image is:
[   10.535602] cloud-init[950]:          Starting Authenticate and Authorize Users to Run Privileged Tasks...
         Starting Login to default iSCSI targets...
+--[ED25519 256]--+
[   10.544891] cloud-init[950]: |*..   +o         |
[[0;32m  OK  [0m] Started Login Service.
[   10.552543] cloud-init[950]: |.* o + =         |
[[0;32m  OK  [0m] Started Unattended Upgrades Shutdown.
[[0;32m  OK  [0m] Started LSB: MD monitoring daemon.
[[0;32m  OK  [0m] Started LXD - container startup/shutdown.
[[0;32m  OK  [0m] Started Login to default iSCSI targets.
[[0;32m  OK  [0m] Started Authenticate and Authorize Users to Run Privileged Tasks.
[[0;32m  OK  [0m] Reached target Remote File Systems (Pre).
[[0;32m  OK  [0m] Reached target Remote File Systems.
[   10.571643] cloud-init[950]: |  * O X .        |
[   10.593332] cloud-init[950]: |.*.* B o         |
[   10.594104] cloud-init[950]: |=*=o. o.S.   .   |
[   10.594796] cloud-init[950]: |o== ....o . o .  |
[   10.609188] cloud-init[950]: |o    . .   o E   |
[   10.610249] cloud-init[950]:          Starting LSB: daemon to balance interrupts for SMP systems...
         Starting Permit User Sessions...
         Starting LSB: automatic crash report generation...
         Starting LSB: Set the CPU Frequency Scaling governor to "ondemand"...
[[0;32m  OK  [0m] Started Virtualbox guest utils.
[[0;32m  OK  [0m] Started LSB: Record successful boot for GRUB.
[[0;32m  OK  [0m] Started Permit User Sessions.
[[0;32m  OK  [0m] Started Accounts Service.
         Starting Hold until boot process finishes up...
         Starting Terminate Plymouth Boot Screen...
|            = o  |
[[0;32m  OK  [0m] Started Hold until boot process finishes up.
[   10.631259] [[0;32m  OK  [0m] Started Serial Getty on ttyS0.
         Starting Set console scheme...
[[0;32m  OK  [0m] Started Getty on tty1.
[[0;32m  OK  [0m] Reached target Login Prompts.
cloud-init[950]: |             .   |
[   10.639408] cloud-init[950]: +----[SHA256]-----+
[[0;32m  OK  [0m] Started Terminate Plymouth Boot Screen.
[[0;32m  OK  [0m] Started Set console scheme.
[[0;32m  OK  [0m] Started LSB: Set the CPU Frequency Scaling governor to "ondemand".
[[0;32m  OK  [0m] Started LSB: daemon to balance interrupts for SMP systems.
[[0;32m  OK  [0m] Started LSB: automatic crash report generation.
[[0;32m  OK  [0m] Started Snappy daemon.
         Starting Wait until snapd is fully seeded...
[[0;32m  OK  [0m] Started Pollinate to seed the pseudo random number generator.
         Starting OpenBSD Secure Shell server...
[[0;32m  OK  [0m] Started OpenBSD Secure Shell server.
[[0;32m  OK  [0m] Started Wait until snapd is fully seeded.
[[0;32m  OK  [0m] Reached target Multi-User System.
[[0;32m  OK  [0m] Reached target Graphical Interface.
         Starting Update UTMP about System Runlevel Changes...
         Starting Apply the settings specified in cloud-config...
[[0;32m  OK  [0m] Started Update UTMP about System Runlevel Changes.
[   11.906344] cloud-init[1298]: Generating locales (this might take a while)...
[[0;32m  OK  [0m] Created slice User Slice of vagrant.
         Starting User Manager for UID 1000...
[[0;32m  OK  [0m] Started Session 1 of user vagrant.
[[0;32m  OK  [0m] Started User Manager for UID 1000.
[   13.053786] cloud-init[1298]:   en_US.UTF-8... done
[   13.054685] cloud-init[1298]: Generation complete.
[   13.430601] cloud-init[1298]: Cloud-init v. 19.4-33-gbb4131a2-0ubuntu1~16.04.1 running 'modules:config' at Fri, 26 Jun 2020 16:05:39 +0000. Up 11.75 seconds.
[[0;32m  OK  [0m] Started Apply the settings specified in cloud-config.
         Starting Execute cloud user/final scripts...
ci-info: no authorized SSH keys fingerprints found for user ubuntu.
<14>Jun 26 16:05:41 ec2: 
<14>Jun 26 16:05:41 ec2: #############################################################
<14>Jun 26 16:05:41 ec2: -----BEGIN SSH HOST KEY FINGERPRINTS-----
<14>Jun 26 16:05:41 ec2: 1024 SHA256:3EKPQwc8i/N/KdrQMKyHBJcFtyY2HMcaqVKHheAL/pM root@ubuntu-xenial (DSA)
<14>Jun 26 16:05:41 ec2: 256 SHA256:2jO+bjtQgcCOOO0NJC9MB3SYfKFIWBuv6aaWzprW4tM root@ubuntu-xenial (ECDSA)
<14>Jun 26 16:05:41 ec2: 256 SHA256:QgIS85qzpGVJ5xcpPTIC8n0NEZ4ojjwzbd9x304jN7Q root@ubuntu-xenial (ED25519)
<14>Jun 26 16:05:41 ec2: 2048 SHA256:TGQC4D1aJ3hfgUgCrppZTWdpsUjXk5Ibegd7wHMI3pI root@ubuntu-xenial (RSA)
<14>Jun 26 16:05:41 ec2: -----END SSH HOST KEY FINGERPRINTS-----
<14>Jun 26 16:05:41 ec2: #############################################################
-----BEGIN SSH HOST KEY KEYS-----
ecdsa-sha2-nistp256 AAAAE2VjZHNhLXNoYTItbmlzdHAyNTYAAAAIbmlzdHAyNTYAAABBBJ2QbSGa4FE5gUU0XDP0RrrAjiwV7rG3WjjmkQ/VX3OTfIZn1ldsuVQiBtfOD6WQMtXaLL0u80brHN8QuL50FFs= root@ubuntu-xenial
ssh-ed25519 AAAAC3NzaC1lZDI1NTE5AAAAID+OAgtpQe8d3nIJJM4eQ5YjgebRmPOuhVUW2go+4vQO root@ubuntu-xenial
ssh-rsa AAAAB3NzaC1yc2EAAAADAQABAAABAQCkWv2KySsriZZEE9guen1ZllWb1Cwl+4fqfdbk+ly+FO6PioTrh0bSyU2l/d0wb1Feyrw+P1PmsORQA6NdmiN0ZiQ57n8nsQ+yl1gfgzkyQg3wndG2UBCpydoVUrpyOUBzMLKsDmwG/DfxdMaBPKeZipecukyp+o8eP0/HD1R4IQ+P9B8nR44RVsNO6kXvA6KGKyyPj2LUQViHAiODZeUhuw9tm3mjzffrhnjQtpdVXDX5gEMd5aYZvSyPK3CpXUbc0tw5R4q1UEe7/0ZgyBgi8MiXUNWCRlxlQKuDhJ4ZmjOZ+n/2o88hdATXcDsKGPS9gBl/WIl682r8T4p8Cvhz root@ubuntu-xenial
-----END SSH HOST KEY KEYS-----
[   14.102096] cloud-init[1455]: Cloud-init v. 19.4-33-gbb4131a2-0ubuntu1~16.04.1 running 'modules:final' at Fri, 26 Jun 2020 16:05:41 +0000. Up 13.88 seconds.
[   14.103972] cloud-init[1455]: ci-info: no authorized SSH keys fingerprints found for user ubuntu.
[   14.105356] cloud-init[1455]: Cloud-init v. 19.4-33-gbb4131a2-0ubuntu1~16.04.1 finished at Fri, 26 Jun 2020 16:05:41 +0000. Datasource DataSourceNoCloud [seed=/dev/sdb][dsmode=net].  Up 14.09 seconds
[[0;32m  OK  [0m] Started Execute cloud user/final scripts.
[[0;32m  OK  [0m] Reached target Cloud-init target.

Ubuntu 16.04.6 LTS ubuntu-xenial ttyS0

ubuntu-xenial login: 